#
# An unexpected error has been detected by Java Runtime Environment:
#
#  EXCEPTION_ACCESS_VIOLATION (0xc0000005) at pc=0x77566138, pid=2348, tid=2592
#
# Java VM: Java HotSpot(TM) Client VM (11.2-b01 mixed mode windows-x86)
# Problematic frame:
# C  [ntdll.dll+0x56138]
#
# If you would like to submit a bug report, please visit:
#   http://java.sun.com/webapps/bugreport/crash.jsp
# The crash happened outside the Java Virtual Machine in native code.
# See problematic frame for where to report the bug.
#

---------------  T H R E A D  ---------------

Current thread (0x07b4f400):  JavaThread "main" [_thread_in_native, id=2592, stack(0x00440000,0x00c40000)]

siginfo: ExceptionCode=0xc0000005, reading address 0xffffffff

Registers:
EAX=0xfffffff8, EBX=0x00000000, ECX=0x00000008, EDX=0x00000a20
ESP=0x00c3a0bc, EBP=0x00c3a0c4, ESI=0x07b40000, EDI=0x79bb34e4
EIP=0x77566138, EFLAGS=0x00010282

Top of Stack: (sp=0x00c3a0bc)
0x00c3a0bc:   00c3a1c4 79bf35a4 00c3a110 7c1e20d6
0x00c3a0cc:   07b40000 00000000 00000000 79bb34e4
0x00c3a0dc:   79bf35a4 00c3a1c4 08922a88 79bb34e4
0x00c3a0ec:   7c22b348 00000000 07b4f7e8 00c3a0d8
0x00c3a0fc:   00c39cc8 00c3a13c 7c1e240d 7c21a368
0x00c3a10c:   ffffffff 00c3a14c 7c1ec0b4 00000000
0x00c3a11c:   79bb34e4 00000003 00c3a1c4 00c3a164
0x00c3a12c:   00c3a140 7756dcc1 00c3a11c 00c39cc8 

Instructions: (pc=0x77566138)
0x77566128:   03 00 8b 45 10 a8 07 0f 85 5e 0c 03 00 83 c0 f8
0x77566138:   80 78 07 05 0f 84 3a 0c 03 00 f6 40 07 3f 0f 84 


Stack: [0x00440000,0x00c40000],  sp=0x00c3a0bc,  free space=8168k
Native frames: (J=compiled Java code, j=interpreted, Vv=VM code, C=native code)
C  [ntdll.dll+0x56138]
C  [MSVCR71.dll+0x20d6]
C  [MSVCR71.dll+0xc0b4]
V  [jvm.dll+0x1c8b74]

Java frames: (J=compiled Java code, j=interpreted, Vv=VM code)
j  com.mathworks.jmi.NativeMatlab.SendMatlabMessage(Ljava/lang/Object;)Ljava/lang/Object;+0
j  com.mathworks.jmi.NativeMatlab.sendMatlabMessage(Ljava/lang/Object;)Ljava/lang/Object;+22
j  com.mathworks.jmi.MatlabLooper.sendMatlabMessage(Lcom/mathworks/services/message/MWMessage;)Ljava/lang/Object;+20
j  com.mathworks.jmi.Matlab.mtFevalConsoleOutput(Ljava/lang/String;[Ljava/lang/Object;I)Ljava/lang/Object;+58
j  com.mathworks.mde.desk.MLDesktop$9.run()V+14
j  com.mathworks.jmi.NativeMatlab.dispatchMTRequests(Z)V+50
v  ~StubRoutines::call_stub

---------------  P R O C E S S  ---------------

Java Threads: ( => current thread )
  0x18c1d000 JavaThread "Thread-1799" [_thread_in_native, id=3588, stack(0x1f9c0000,0x201c0000)]
  0x18c1ac00 JavaThread "Foxtrot Single Worker Thread #1" daemon [_thread_blocked, id=1508, stack(0x1a250000,0x1a2d0000)]
  0x18c1a400 JavaThread "Prefs Updater" daemon [_thread_blocked, id=4488, stack(0x19ed0000,0x19f50000)]
  0x18c19c00 JavaThread "Active Reference Queue Daemon" daemon [_thread_blocked, id=4968, stack(0x19d10000,0x19d90000)]
  0x18c19400 JavaThread "Timer-2" daemon [_thread_blocked, id=2904, stack(0x19bf0000,0x19c70000)]
  0x18b83400 JavaThread "Timer-1" daemon [_thread_blocked, id=4416, stack(0x1ae90000,0x1af10000)]
  0x18da7400 JavaThread "TimerQueue" daemon [_thread_blocked, id=2276, stack(0x19e10000,0x19e90000)]
  0x18c01c00 JavaThread "AWT-EventQueue-0" [_thread_blocked, id=376, stack(0x19d90000,0x19e10000)]
  0x1881e000 JavaThread "AWT-Shutdown" [_thread_blocked, id=1692, stack(0x19480000,0x19500000)]
  0x18bd6000 JavaThread "AWT-Windows" daemon [_thread_in_native, id=4240, stack(0x19500000,0x19580000)]
  0x08a05c00 JavaThread "Java2D Disposer" daemon [_thread_blocked, id=5388, stack(0x19400000,0x19480000)]
  0x1859ec00 JavaThread "Timer-0" [_thread_blocked, id=2328, stack(0x186c0000,0x18740000)]
  0x184dec00 JavaThread "JMI Unnamed Thread" [_thread_in_native, id=2676, stack(0x047e0000,0x04fe0000)]
  0x089c8800 JavaThread "Low Memory Detector" daemon [_thread_blocked, id=2140, stack(0x17c40000,0x17cc0000)]
  0x089c4400 JavaThread "CompilerThread0" daemon [_thread_blocked, id=1836, stack(0x17440000,0x17c40000)]
  0x089c3800 JavaThread "Attach Listener" daemon [_thread_blocked, id=5500, stack(0x173c0000,0x17440000)]
  0x089a4000 JavaThread "Finalizer" daemon [_thread_blocked, id=3092, stack(0x17340000,0x173c0000)]
  0x089a2c00 JavaThread "Reference Handler" daemon [_thread_blocked, id=1100, stack(0x172c0000,0x17340000)]
=>0x07b4f400 JavaThread "main" [_thread_in_native, id=2592, stack(0x00440000,0x00c40000)]

Other Threads:
  0x0899e000 VMThread [stack: 0x16ac0000,0x172c0000] [id=5732]
  0x089dac00 WatcherThread [stack: 0x17cc0000,0x184c0000] [id=2196]

VM state:not at safepoint (normal execution)

VM Mutex/Monitor currently owned by a thread: None

Heap
 def new generation   total 27008K, used 20525K [0x0aa90000, 0x0c7d0000, 0x0ca90000)
  eden space 24064K,  83% used [0x0aa90000, 0x0be3b048, 0x0c210000)
  from space 2944K,  13% used [0x0c4f0000, 0x0c550508, 0x0c7d0000)
  to   space 2944K,   0% used [0x0c210000, 0x0c210000, 0x0c4f0000)
 tenured generation   total 89488K, used 81017K [0x0ca90000, 0x121f4000, 0x12a90000)
   the space 89488K,  90% used [0x0ca90000, 0x119ae7d8, 0x119ae800, 0x121f4000)
 compacting perm gen  total 35072K, used 34982K [0x12a90000, 0x14cd0000, 0x16a90000)
   the space 35072K,  99% used [0x12a90000, 0x14cb98f8, 0x14cb9a00, 0x14cd0000)
No shared spaces configured.

Dynamic libraries:
0x00400000 - 0x00433000 	C:\Program Files\MATLAB\R2009b\bin\win32\MATLAB.exe
0x77510000 - 0x7764c000 	C:\Windows\SYSTEM32\ntdll.dll
0x76040000 - 0x76114000 	C:\Windows\system32\kernel32.dll
0x75910000 - 0x7595a000 	C:\Windows\system32\KERNELBASE.dll
0x7bae0000 - 0x7bb89000 	C:\Program Files\MATLAB\R2009b\bin\win32\libut.dll
0x75a60000 - 0x75a8a000 	C:\Windows\system32\imagehlp.dll
0x76fc0000 - 0x7706c000 	C:\Windows\system32\msvcrt.dll
0x76fb0000 - 0x76fb5000 	C:\Windows\system32\PSAPI.DLL
0x7c1c0000 - 0x7c1df000 	C:\Program Files\MATLAB\R2009b\bin\win32\LIBEXPAT.dll
0x00210000 - 0x002ab000 	C:\Windows\WinSxS\x86_microsoft.vc80.crt_1fc8b3b9a1e18e3b_8.0.50727.4927_none_d08a205e442db5b5\MSVCR80.dll
0x7bf40000 - 0x7c028000 	C:\Program Files\MATLAB\R2009b\bin\win32\icuuc40.dll
0x759c0000 - 0x75a60000 	C:\Windows\system32\ADVAPI32.dll
0x75bf0000 - 0x75c09000 	C:\Windows\SYSTEM32\sechost.dll
0x75f30000 - 0x75fd1000 	C:\Windows\system32\RPCRT4.dll
0x7b5e0000 - 0x7b5e4000 	C:\Program Files\MATLAB\R2009b\bin\win32\icudt40.dll
0x7b5f0000 - 0x7b5fc000 	C:\Program Files\MATLAB\R2009b\bin\win32\icuio40.dll
0x7b830000 - 0x7b928000 	C:\Program Files\MATLAB\R2009b\bin\win32\icuin40.dll
0x002b0000 - 0x00337000 	C:\Windows\WinSxS\x86_microsoft.vc80.crt_1fc8b3b9a1e18e3b_8.0.50727.4927_none_d08a205e442db5b5\MSVCP80.dll
0x75a90000 - 0x75b59000 	C:\Windows\system32\USER32.dll
0x776f0000 - 0x7773e000 	C:\Windows\system32\GDI32.dll
0x776e0000 - 0x776ea000 	C:\Windows\system32\LPK.dll
0x77070000 - 0x7710d000 	C:\Windows\system32\USP10.dll
0x786f0000 - 0x78728000 	C:\Program Files\MATLAB\R2009b\bin\win32\libmwfl.dll
0x7d390000 - 0x7d39e000 	C:\Program Files\MATLAB\R2009b\bin\win32\boost_date_time-vc80-mt-1_36.dll
0x7d280000 - 0x7d290000 	C:\Program Files\MATLAB\R2009b\bin\win32\boost_signals-vc80-mt-1_36.dll
0x7c710000 - 0x7c717000 	C:\Program Files\MATLAB\R2009b\bin\win32\boost_system-vc80-mt-1_36.dll
0x7b5d0000 - 0x7b5dc000 	C:\Program Files\MATLAB\R2009b\bin\win32\boost_thread-vc80-mt-1_36.dll
0x7bc10000 - 0x7be19000 	C:\Program Files\MATLAB\R2009b\bin\win32\libmwservices.dll
0x7bb90000 - 0x7bc0b000 	C:\Program Files\MATLAB\R2009b\bin\win32\libmx.dll
0x78bc0000 - 0x78bd3000 	C:\Program Files\MATLAB\R2009b\bin\win32\zlib1.dll
0x7be20000 - 0x7bf34000 	C:\Program Files\MATLAB\R2009b\bin\win32\libmwmathutil.dll
0x79cf0000 - 0x79d25000 	C:\Program Files\MATLAB\R2009b\bin\win32\mpath.dll
0x7c2c0000 - 0x7c2f0000 	C:\Program Files\MATLAB\R2009b\bin\win32\mlutil.dll
0x786a0000 - 0x786ce000 	C:\Program Files\MATLAB\R2009b\bin\win32\tbb.dll
0x70e00000 - 0x70e84000 	C:\Windows\WinSxS\x86_microsoft.windows.common-controls_6595b64144ccf1df_5.82.7600.16661_none_ebfb56996c72aefc\COMCTL32.dll
0x77660000 - 0x776db000 	C:\Windows\system32\comdlg32.dll
0x75fe0000 - 0x76037000 	C:\Windows\system32\SHLWAPI.dll
0x76130000 - 0x76d79000 	C:\Windows\system32\SHELL32.dll
0x733b0000 - 0x733c1000 	C:\Windows\system32\NETAPI32.dll
0x733a0000 - 0x733a9000 	C:\Windows\system32\netutils.dll
0x754a0000 - 0x754b9000 	C:\Windows\system32\srvcli.dll
0x73390000 - 0x7339f000 	C:\Windows\system32\wkscli.dll
0x75b60000 - 0x75b95000 	C:\Windows\system32\WS2_32.dll
0x77650000 - 0x77656000 	C:\Windows\system32\NSI.dll
0x7d560000 - 0x7d576000 	C:\Program Files\MATLAB\R2009b\bin\win32\boost_filesystem-vc80-mt-1_36.dll
0x7a270000 - 0x7a2d0000 	C:\Program Files\MATLAB\R2009b\bin\win32\mcr.dll
0x7b600000 - 0x7b64f000 	C:\Program Files\MATLAB\R2009b\bin\win32\iqm.dll
0x7a850000 - 0x7ad3b000 	C:\Program Files\MATLAB\R2009b\bin\win32\m_interpreter.dll
0x7b660000 - 0x7b66c000 	C:\Program Files\MATLAB\R2009b\bin\win32\libmex.dll
0x7a140000 - 0x7a1a4000 	C:\Program Files\MATLAB\R2009b\bin\win32\m_dispatcher.dll
0x7d1e0000 - 0x7d23e000 	C:\Program Files\MATLAB\R2009b\bin\win32\xmlcore.dll
0x79600000 - 0x797c2000 	C:\Program Files\MATLAB\R2009b\bin\win32\xerces-c_2_7.dll
0x7d4b0000 - 0x7d54d000 	C:\Program Files\MATLAB\R2009b\bin\win32\boost_regex-vc80-mt-1_36.dll
0x7a050000 - 0x7a0a7000 	C:\Program Files\MATLAB\R2009b\bin\win32\profiler.dll
0x7b6c0000 - 0x7b6de000 	C:\Program Files\MATLAB\R2009b\bin\win32\libmwmathrng.dll
0x78b40000 - 0x78b52000 	C:\Program Files\MATLAB\R2009b\bin\win32\m_pcodeio.dll
0x79cb0000 - 0x79ce7000 	C:\Program Files\MATLAB\R2009b\bin\win32\m_ir.dll
0x7a350000 - 0x7a843000 	C:\Program Files\MATLAB\R2009b\bin\win32\m_parser.dll
0x7b650000 - 0x7b65e000 	C:\Program Files\MATLAB\R2009b\bin\win32\ir_xfmr.dll
0x78730000 - 0x78891000 	C:\Program Files\MATLAB\R2009b\bin\win32\mcos.dll
0x7b6f0000 - 0x7b6fa000 	C:\Program Files\MATLAB\R2009b\bin\win32\mtok.dll
0x78b20000 - 0x78b36000 	C:\Program Files\MATLAB\R2009b\bin\win32\m_pcodegen.dll
0x78a90000 - 0x78aac000 	C:\Program Files\MATLAB\R2009b\bin\win32\bridge.dll
0x7b2c0000 - 0x7b344000 	C:\Program Files\MATLAB\R2009b\bin\win32\udd.dll
0x7c030000 - 0x7c128000 	C:\Program Files\MATLAB\R2009b\bin\win32\libmwgui.dll
0x78c20000 - 0x79034000 	C:\Program Files\MATLAB\R2009b\bin\win32\hg.dll
0x78ab0000 - 0x78ad7000 	C:\Program Files\MATLAB\R2009b\bin\win32\libmat.dll
0x7b930000 - 0x7bad5000 	C:\Program Files\MATLAB\R2009b\bin\win32\libhdf5.dll
0x79c20000 - 0x79c61000 	C:\Program Files\MATLAB\R2009b\bin\win32\jmi.dll
0x79920000 - 0x7994c000 	C:\Program Files\MATLAB\R2009b\bin\win32\libmwhardcopy.dll
0x79c70000 - 0x79ca9000 	C:\Program Files\MATLAB\R2009b\bin\win32\libuij.dll
0x785d0000 - 0x7869f000 	C:\Program Files\MATLAB\R2009b\bin\win32\hgdatatypes.dll
0x785a0000 - 0x785d0000 	C:\Program Files\MATLAB\R2009b\bin\win32\hgutils.dll
0x78ae0000 - 0x78b11000 	C:\Program Files\MATLAB\R2009b\bin\win32\libmwlapack.dll
0x7b680000 - 0x7b68e000 	C:\Program Files\MATLAB\R2009b\bin\win32\libmwbinder.dll
0x7b350000 - 0x7b5c4000 	C:\Program Files\MATLAB\R2009b\bin\win32\uiw.dll
0x7b730000 - 0x7b739000 	C:\Program Files\MATLAB\R2009b\bin\win32\uinone.dll
0x00e40000 - 0x00f4f000 	C:\Windows\WinSxS\x86_microsoft.vc80.mfc_1fc8b3b9a1e18e3b_8.0.50727.762_none_0c178a139ee2a7ed\MFC80.DLL
0x00f50000 - 0x00fa1000 	C:\Windows\system32\WINSPOOL.DRV
0x773b0000 - 0x7750c000 	C:\Windows\system32\ole32.dll
0x77110000 - 0x7719f000 	C:\Windows\system32\OLEAUT32.dll
0x7a2d0000 - 0x7a346000 	C:\Program Files\MATLAB\R2009b\bin\win32\udd_mi.dll
0x78b60000 - 0x78b73000 	C:\Program Files\MATLAB\R2009b\bin\win32\mwoles05.DLL
0x7a000000 - 0x7a045000 	C:\Program Files\MATLAB\R2009b\bin\win32\comcli.dll
0x721e0000 - 0x721fb000 	C:\Windows\WinSxS\x86_microsoft.vc80.atl_1fc8b3b9a1e18e3b_8.0.50727.4053_none_d1c738ec43578ea1\ATL80.DLL
0x7b6e0000 - 0x7b6eb000 	C:\Program Files\MATLAB\R2009b\bin\win32\mlautoregister.dll
0x75d10000 - 0x75d2f000 	C:\Windows\system32\IMM32.DLL
0x771a0000 - 0x7726c000 	C:\Windows\system32\MSCTF.dll
0x74050000 - 0x7405e000 	C:\Windows\WinSxS\x86_microsoft.vc80.mfcloc_1fc8b3b9a1e18e3b_8.0.50727.762_none_43efccf17831d131\MFC80ENU.DLL
0x75660000 - 0x7566b000 	C:\Windows\system32\profapi.dll
0x755e0000 - 0x755ec000 	C:\Windows\system32\CRYPTBASE.dll
0x745f0000 - 0x7478e000 	C:\Windows\WinSxS\x86_microsoft.windows.common-controls_6595b64144ccf1df_6.0.7600.16661_none_420fe3fa2b8113bd\comctl32.dll
0x76d80000 - 0x76f1d000 	C:\Windows\system32\SETUPAPI.dll
0x75700000 - 0x75727000 	C:\Windows\system32\CFGMGR32.dll
0x756e0000 - 0x756f2000 	C:\Windows\system32\DEVOBJ.dll
0x76f20000 - 0x76fa3000 	C:\Windows\system32\CLBCatQ.DLL
0x743d0000 - 0x744c5000 	C:\Windows\system32\propsys.dll
0x743a0000 - 0x743c1000 	C:\Windows\system32\ntmarta.dll
0x75ba0000 - 0x75be5000 	C:\Windows\system32\WLDAP32.dll
0x73c70000 - 0x73c8c000 	C:\Windows\system32\iphlpapi.dll
0x73c50000 - 0x73c57000 	C:\Windows\system32\WINNSI.DLL
0x74f60000 - 0x74fa4000 	C:\Windows\system32\DNSAPI.dll
0x739d0000 - 0x739dd000 	C:\Windows\system32\dhcpcsvc6.DLL
0x739e0000 - 0x739f2000 	C:\Windows\system32\dhcpcsvc.DLL
0x74060000 - 0x74063000 	C:\Windows\system32\icmp.Dll
0x799c0000 - 0x79c16000 	C:\Program Files\MATLAB\R2009b\sys\java\jre\win32\jre\bin\client\jvm.dll
0x73580000 - 0x735b2000 	C:\Windows\system32\WINMM.dll
0x7c1e0000 - 0x7c236000 	C:\Program Files\MATLAB\R2009b\bin\win32\MSVCR71.dll
0x75590000 - 0x755db000 	C:\Windows\system32\apphelp.dll
0x079e0000 - 0x07acb000 	C:\Windows\system32\dbghelp.dll
0x7a100000 - 0x7a108000 	C:\Program Files\MATLAB\R2009b\sys\java\jre\win32\jre\bin\hpi.dll
0x7a120000 - 0x7a12c000 	C:\Program Files\MATLAB\R2009b\sys\java\jre\win32\jre\bin\verify.dll
0x78be0000 - 0x78bff000 	C:\Program Files\MATLAB\R2009b\sys\java\jre\win32\jre\bin\java.dll
0x7a130000 - 0x7a13f000 	C:\Program Files\MATLAB\R2009b\sys\java\jre\win32\jre\bin\zip.dll
0x78b80000 - 0x78b98000 	C:\Program Files\MATLAB\R2009b\bin\win32\nativejava.dll
0x78ba0000 - 0x78bbf000 	C:\Program Files\MATLAB\R2009b\bin\win32\nativejmi.dll
0x7b720000 - 0x7b726000 	C:\Program Files\MATLAB\R2009b\bin\win32\nativeservices.dll
0x797d0000 - 0x7991a000 	C:\Program Files\MATLAB\R2009b\sys\java\jre\win32\jre\bin\awt.dll
0x73ca0000 - 0x73cb3000 	C:\Windows\system32\DWMAPI.DLL
0x7a1b0000 - 0x7a204000 	C:\Program Files\MATLAB\R2009b\sys\java\jre\win32\jre\bin\fontmanager.dll
0x78c00000 - 0x78c13000 	C:\Program Files\MATLAB\R2009b\sys\java\jre\win32\jre\bin\net.dll
0x750a0000 - 0x750dc000 	C:\Windows\system32\mswsock.dll
0x75090000 - 0x75096000 	C:\Windows\System32\wship6.dll
0x7a110000 - 0x7a119000 	C:\Program Files\MATLAB\R2009b\sys\java\jre\win32\jre\bin\nio.dll
0x750e0000 - 0x750f6000 	C:\Windows\system32\CRYPTSP.dll
0x74e80000 - 0x74ebb000 	C:\Windows\system32\rsaenh.dll
0x74cc0000 - 0x74cd7000 	C:\Windows\system32\USERENV.dll
0x74260000 - 0x74270000 	C:\Windows\system32\NLAapi.dll

VM Arguments:
jvm_args: -Xss512k -XX:PermSize=32m -Xms64m -XX:NewRatio=3 -XX:MaxPermSize=64m -Xmx128m -XX:MaxDirectMemorySize=1200000000 -Dsun.java2d.noddraw=true -Dsun.awt.nopixfmt=true -Xshare:off -Xrs -Djava.library.path=C:\Program Files\MATLAB\R2009b\bin\win32 vfprintf abort 
java_command: <unknown>
Launcher Type: generic

Environment Variables:
CLASSPATH=.;C:\Program Files\Java\jre6\lib\ext\QTJava.zip
PATH=C:\Program Files\MATLAB\R2009b\sys\java\jre\win32\jre\bin;C:\Program Files\MATLAB\R2009b\sys\webrenderer\windows\corecomponents;C:\Program Files\MATLAB\R2009b\sys\webrenderer\windows;C:\Windows\system32;C:\Windows;C:\Windows\system32\wbem;C:\Windows\system32\windowspowershell\v1.0\;C:\Program Files\MATLAB\R2009b\runtime\win32;C:\Program Files\MATLAB\R2009b\bin;C:\Program Files\QuickTime\QTSystem\
USERNAME=jesseg1
OS=Windows_NT
PROCESSOR_IDENTIFIER=x86 Family 6 Model 23 Stepping 6, GenuineIntel



---------------  S Y S T E M  ---------------

OS: Windows NT 6.1 Build 7600 

CPU:total 2 (2 cores per cpu, 1 threads per core) family 6 model 7 stepping 6, cmov, cx8, fxsr, mmx, sse, sse2, sse3, ssse3

Memory: 4k page, physical 3659820k(1900152k free), swap 4194303k(4194303k free)

vm_info: Java HotSpot(TM) Client VM (11.2-b01) for windows-x86 JRE (1.6.0_12-b04), built on Jan 17 2009 09:57:14 by "java_re" with MS VC++ 7.1

time: Wed Jan 19 22:42:32 2011
elapsed time: 136418 seconds

